{"context":{"context":"AuditInterceptor","error":"logger_1.appLogger.info is not a function","reqId":"RID"},"level":"warn","message":"Audit logging failed","timestamp":"2025-10-06T16:26:57.332Z"}
{"context":{"context":"AuditInterceptor","error":"logger_1.appLogger.info is not a function","reqId":"RID2"},"level":"warn","message":"Audit logging failed","timestamp":"2025-10-06T16:26:57.334Z"}
{"context":{"context":"AuditInterceptor","error":"logger_1.appLogger.info is not a function","reqId":"RID3"},"level":"warn","message":"Audit logging failed","timestamp":"2025-10-06T16:26:57.336Z"}
{"context":{"context":"AuditInterceptor","error":"logger_1.appLogger.info is not a function","reqId":"RID4"},"level":"warn","message":"Audit logging failed","timestamp":"2025-10-06T16:26:57.336Z"}
{"context":{"context":"AuditInterceptor","error":"logger_1.appLogger.info is not a function","reqId":"RID5"},"level":"warn","message":"Audit logging failed","timestamp":"2025-10-06T16:26:57.344Z"}
{"context":{"context":"AuditInterceptor","error":"logger_1.appLogger.info is not a function"},"level":"warn","message":"Audit logging failed","timestamp":"2025-10-06T16:26:57.345Z"}
{"context":{"context":"AuditInterceptor","error":"logger_1.appLogger.info is not a function","reqId":"RID6"},"level":"warn","message":"Audit logging failed","timestamp":"2025-10-06T16:26:57.346Z"}
{"context":{"context":"AuditInterceptor","error":"logger_1.appLogger.info is not a function","reqId":"RID7"},"level":"warn","message":"Audit logging failed","timestamp":"2025-10-06T16:26:57.346Z"}
{"context":{"context":"AuditInterceptor","error":"logger_1.appLogger.info is not a function","reqId":"RID8"},"level":"warn","message":"Audit logging failed","timestamp":"2025-10-06T16:26:57.347Z"}
{"context":{"context":"AuditInterceptor","error":"logger_1.appLogger.info is not a function","reqId":"RID"},"level":"warn","message":"Audit logging failed","timestamp":"2025-10-06T16:28:50.365Z"}
{"context":{"context":"AuditInterceptor","error":"logger_1.appLogger.info is not a function","reqId":"RID2"},"level":"warn","message":"Audit logging failed","timestamp":"2025-10-06T16:28:50.368Z"}
{"context":{"context":"AuditInterceptor","error":"logger_1.appLogger.info is not a function","reqId":"RID3"},"level":"warn","message":"Audit logging failed","timestamp":"2025-10-06T16:28:50.370Z"}
{"context":{"context":"AuditInterceptor","error":"logger_1.appLogger.info is not a function","reqId":"RID4"},"level":"warn","message":"Audit logging failed","timestamp":"2025-10-06T16:28:50.371Z"}
{"context":{"context":"AuditInterceptor","error":"logger_1.appLogger.info is not a function","reqId":"RID5"},"level":"warn","message":"Audit logging failed","timestamp":"2025-10-06T16:28:50.379Z"}
{"context":{"context":"AuditInterceptor","error":"logger_1.appLogger.info is not a function"},"level":"warn","message":"Audit logging failed","timestamp":"2025-10-06T16:28:50.380Z"}
{"context":{"context":"AuditInterceptor","error":"logger_1.appLogger.info is not a function","reqId":"RID6"},"level":"warn","message":"Audit logging failed","timestamp":"2025-10-06T16:28:50.381Z"}
{"context":{"context":"AuditInterceptor","error":"logger_1.appLogger.info is not a function","reqId":"RID7"},"level":"warn","message":"Audit logging failed","timestamp":"2025-10-06T16:28:50.383Z"}
{"context":{"context":"AuditInterceptor","error":"logger_1.appLogger.info is not a function","reqId":"RID8"},"level":"warn","message":"Audit logging failed","timestamp":"2025-10-06T16:28:50.384Z"}
{"context":{"context":"AuditInterceptor","error":"logger_1.appLogger.info is not a function","reqId":"RID"},"level":"warn","message":"Audit logging failed","timestamp":"2025-10-06T16:31:03.467Z"}
{"context":{"context":"AuditInterceptor","error":"logger_1.appLogger.info is not a function","reqId":"RID2"},"level":"warn","message":"Audit logging failed","timestamp":"2025-10-06T16:31:03.470Z"}
{"context":{"context":"AuditInterceptor","error":"logger_1.appLogger.info is not a function","reqId":"RID3"},"level":"warn","message":"Audit logging failed","timestamp":"2025-10-06T16:31:03.471Z"}
{"context":{"context":"AuditInterceptor","error":"logger_1.appLogger.info is not a function","reqId":"RID4"},"level":"warn","message":"Audit logging failed","timestamp":"2025-10-06T16:31:03.472Z"}
{"context":{"context":"AuditInterceptor","error":"logger_1.appLogger.info is not a function","reqId":"RID5"},"level":"warn","message":"Audit logging failed","timestamp":"2025-10-06T16:31:03.480Z"}
{"context":{"context":"AuditInterceptor","error":"logger_1.appLogger.info is not a function"},"level":"warn","message":"Audit logging failed","timestamp":"2025-10-06T16:31:03.490Z"}
{"context":{"context":"AuditInterceptor","error":"logger_1.appLogger.info is not a function","reqId":"RID6"},"level":"warn","message":"Audit logging failed","timestamp":"2025-10-06T16:31:03.491Z"}
{"context":{"context":"AuditInterceptor","error":"logger_1.appLogger.info is not a function","reqId":"RID7"},"level":"warn","message":"Audit logging failed","timestamp":"2025-10-06T16:31:03.491Z"}
{"context":{"context":"AuditInterceptor","error":"logger_1.appLogger.info is not a function","reqId":"RID8"},"level":"warn","message":"Audit logging failed","timestamp":"2025-10-06T16:31:03.494Z"}
{"context":{"context":"AuditInterceptor","error":"logger_1.appLogger.info is not a function","reqId":"RID"},"level":"warn","message":"Audit logging failed","timestamp":"2025-10-06T16:31:36.089Z"}
{"context":{"context":"AuditInterceptor","error":"logger_1.appLogger.info is not a function","reqId":"RID2"},"level":"warn","message":"Audit logging failed","timestamp":"2025-10-06T16:31:36.092Z"}
{"context":{"context":"AuditInterceptor","error":"logger_1.appLogger.info is not a function","reqId":"RID3"},"level":"warn","message":"Audit logging failed","timestamp":"2025-10-06T16:31:36.093Z"}
{"context":{"context":"AuditInterceptor","error":"logger_1.appLogger.info is not a function","reqId":"RID4"},"level":"warn","message":"Audit logging failed","timestamp":"2025-10-06T16:31:36.093Z"}
{"context":{"context":"AuditInterceptor","error":"logger_1.appLogger.info is not a function","reqId":"RID5"},"level":"warn","message":"Audit logging failed","timestamp":"2025-10-06T16:31:36.094Z"}
{"context":{"context":"AuditInterceptor","error":"logger_1.appLogger.info is not a function"},"level":"warn","message":"Audit logging failed","timestamp":"2025-10-06T16:31:36.098Z"}
{"context":{"context":"AuditInterceptor","error":"logger_1.appLogger.info is not a function","reqId":"RID6"},"level":"warn","message":"Audit logging failed","timestamp":"2025-10-06T16:31:36.099Z"}
{"context":{"context":"AuditInterceptor","error":"logger_1.appLogger.info is not a function","reqId":"RID7"},"level":"warn","message":"Audit logging failed","timestamp":"2025-10-06T16:31:36.100Z"}
{"context":{"context":"AuditInterceptor","error":"logger_1.appLogger.info is not a function","reqId":"RID8"},"level":"warn","message":"Audit logging failed","timestamp":"2025-10-06T16:31:36.101Z"}
{"context":{"context":"AuditInterceptor","error":"logger_1.appLogger.info is not a function","reqId":"RID"},"level":"warn","message":"Audit logging failed","timestamp":"2025-10-06T16:34:20.376Z"}
{"context":{"context":"AuditInterceptor","error":"logger_1.appLogger.info is not a function","reqId":"RID2"},"level":"warn","message":"Audit logging failed","timestamp":"2025-10-06T16:34:20.379Z"}
{"context":{"context":"AuditInterceptor","error":"logger_1.appLogger.info is not a function","reqId":"RID3"},"level":"warn","message":"Audit logging failed","timestamp":"2025-10-06T16:34:20.380Z"}
{"context":{"context":"AuditInterceptor","error":"logger_1.appLogger.info is not a function","reqId":"RID4"},"level":"warn","message":"Audit logging failed","timestamp":"2025-10-06T16:34:20.380Z"}
{"context":{"context":"AuditInterceptor","error":"logger_1.appLogger.info is not a function","reqId":"RID5"},"level":"warn","message":"Audit logging failed","timestamp":"2025-10-06T16:34:20.381Z"}
{"context":{"context":"AuditInterceptor","error":"logger_1.appLogger.info is not a function"},"level":"warn","message":"Audit logging failed","timestamp":"2025-10-06T16:34:20.382Z"}
{"context":{"context":"AuditInterceptor","error":"logger_1.appLogger.info is not a function","reqId":"RID6"},"level":"warn","message":"Audit logging failed","timestamp":"2025-10-06T16:34:20.383Z"}
{"context":{"context":"AuditInterceptor","error":"logger_1.appLogger.info is not a function","reqId":"RID7"},"level":"warn","message":"Audit logging failed","timestamp":"2025-10-06T16:34:20.384Z"}
{"context":{"context":"AuditInterceptor","error":"logger_1.appLogger.info is not a function","reqId":"RID8"},"level":"warn","message":"Audit logging failed","timestamp":"2025-10-06T16:34:20.385Z"}
{"context":{"context":"AuditInterceptor","error":"logger_1.appLogger.info is not a function","reqId":"RID"},"level":"warn","message":"Audit logging failed","timestamp":"2025-10-06T16:35:55.575Z"}
{"context":{"context":"AuditInterceptor","error":"logger_1.appLogger.info is not a function","reqId":"RID2"},"level":"warn","message":"Audit logging failed","timestamp":"2025-10-06T16:35:55.578Z"}
{"context":{"context":"AuditInterceptor","error":"logger_1.appLogger.info is not a function","reqId":"RID3"},"level":"warn","message":"Audit logging failed","timestamp":"2025-10-06T16:35:55.578Z"}
{"context":{"context":"AuditInterceptor","error":"logger_1.appLogger.info is not a function","reqId":"RID4"},"level":"warn","message":"Audit logging failed","timestamp":"2025-10-06T16:35:55.579Z"}
{"context":{"context":"AuditInterceptor","error":"logger_1.appLogger.info is not a function","reqId":"RID5"},"level":"warn","message":"Audit logging failed","timestamp":"2025-10-06T16:35:55.580Z"}
{"context":{"context":"AuditInterceptor","error":"logger_1.appLogger.info is not a function"},"level":"warn","message":"Audit logging failed","timestamp":"2025-10-06T16:35:55.581Z"}
{"context":{"context":"AuditInterceptor","error":"logger_1.appLogger.info is not a function","reqId":"RID6"},"level":"warn","message":"Audit logging failed","timestamp":"2025-10-06T16:35:55.581Z"}
{"context":{"context":"AuditInterceptor","error":"logger_1.appLogger.info is not a function","reqId":"RID7"},"level":"warn","message":"Audit logging failed","timestamp":"2025-10-06T16:35:55.582Z"}
{"context":{"context":"AuditInterceptor","error":"logger_1.appLogger.info is not a function","reqId":"RID8"},"level":"warn","message":"Audit logging failed","timestamp":"2025-10-06T16:35:55.582Z"}
{"context":{"context":"AuditInterceptor","error":"logger_1.appLogger.info is not a function","reqId":"RID"},"level":"warn","message":"Audit logging failed","timestamp":"2025-10-06T16:38:34.682Z"}
{"context":{"context":"AuditInterceptor","error":"logger_1.appLogger.info is not a function","reqId":"RID2"},"level":"warn","message":"Audit logging failed","timestamp":"2025-10-06T16:38:34.684Z"}
{"context":{"context":"AuditInterceptor","error":"logger_1.appLogger.info is not a function","reqId":"RID3"},"level":"warn","message":"Audit logging failed","timestamp":"2025-10-06T16:38:34.685Z"}
{"context":{"context":"AuditInterceptor","error":"logger_1.appLogger.info is not a function","reqId":"RID4"},"level":"warn","message":"Audit logging failed","timestamp":"2025-10-06T16:38:34.685Z"}
{"context":{"context":"AuditInterceptor","error":"logger_1.appLogger.info is not a function","reqId":"RID5"},"level":"warn","message":"Audit logging failed","timestamp":"2025-10-06T16:38:34.686Z"}
{"context":{"context":"AuditInterceptor","error":"logger_1.appLogger.info is not a function"},"level":"warn","message":"Audit logging failed","timestamp":"2025-10-06T16:38:34.687Z"}
{"context":{"context":"AuditInterceptor","error":"logger_1.appLogger.info is not a function","reqId":"RID6"},"level":"warn","message":"Audit logging failed","timestamp":"2025-10-06T16:38:34.688Z"}
{"context":{"context":"AuditInterceptor","error":"logger_1.appLogger.info is not a function","reqId":"RID7"},"level":"warn","message":"Audit logging failed","timestamp":"2025-10-06T16:38:34.688Z"}
{"context":{"context":"AuditInterceptor","error":"logger_1.appLogger.info is not a function","reqId":"RID8"},"level":"warn","message":"Audit logging failed","timestamp":"2025-10-06T16:38:34.689Z"}
{"context":"NestFactory","level":"info","message":"Starting Nest application...","timestamp":"2025-10-06T16:43:36.581Z"}
{"context":"InstanceLoader","level":"info","message":"AppModule dependencies initialized","timestamp":"2025-10-06T16:43:36.582Z"}
{"context":"InstanceLoader","level":"info","message":"TypeOrmModule dependencies initialized","timestamp":"2025-10-06T16:43:36.582Z"}
{"context":"InstanceLoader","level":"info","message":"PassportModule dependencies initialized","timestamp":"2025-10-06T16:43:36.583Z"}
{"context":"InstanceLoader","level":"info","message":"ConfigHostModule dependencies initialized","timestamp":"2025-10-06T16:43:36.583Z"}
{"context":"InstanceLoader","level":"info","message":"ConfigModule dependencies initialized","timestamp":"2025-10-06T16:43:36.583Z"}
{"context":"InstanceLoader","level":"info","message":"ConfigModule dependencies initialized","timestamp":"2025-10-06T16:43:36.584Z"}
{"context":"InstanceLoader","level":"info","message":"JwtModule dependencies initialized","timestamp":"2025-10-06T16:43:36.584Z"}
{"context":"InstanceLoader","level":"info","message":"TypeOrmCoreModule dependencies initialized","timestamp":"2025-10-06T16:43:36.584Z"}
{"context":"InstanceLoader","level":"info","message":"TypeOrmModule dependencies initialized","timestamp":"2025-10-06T16:43:36.584Z"}
{"context":"InstanceLoader","level":"info","message":"TypeOrmModule dependencies initialized","timestamp":"2025-10-06T16:43:36.584Z"}
{"context":"InstanceLoader","level":"info","message":"TypeOrmModule dependencies initialized","timestamp":"2025-10-06T16:43:36.585Z"}
{"context":"InstanceLoader","level":"info","message":"UsersModule dependencies initialized","timestamp":"2025-10-06T16:43:36.585Z"}
{"context":"InstanceLoader","level":"info","message":"AuditModule dependencies initialized","timestamp":"2025-10-06T16:43:36.585Z"}
{"context":"InstanceLoader","level":"info","message":"AuthModule dependencies initialized","timestamp":"2025-10-06T16:43:36.585Z"}
{"context":"InstanceLoader","level":"info","message":"BooksModule dependencies initialized","timestamp":"2025-10-06T16:43:36.586Z"}
{"context":"RoutesResolver","level":"info","message":"AuthController {/auth}:","timestamp":"2025-10-06T16:43:36.586Z"}
{"context":"RouterExplorer","level":"info","message":"Mapped {/auth/login, POST} route","timestamp":"2025-10-06T16:43:36.587Z"}
{"context":"RoutesResolver","level":"info","message":"BooksController {/books}:","timestamp":"2025-10-06T16:43:36.587Z"}
{"context":"RouterExplorer","level":"info","message":"Mapped {/books, POST} route","timestamp":"2025-10-06T16:43:36.587Z"}
{"context":"RouterExplorer","level":"info","message":"Mapped {/books, GET} route","timestamp":"2025-10-06T16:43:36.587Z"}
{"context":"RouterExplorer","level":"info","message":"Mapped {/books/:id, GET} route","timestamp":"2025-10-06T16:43:36.587Z"}
{"context":"RouterExplorer","level":"info","message":"Mapped {/books/:id, PATCH} route","timestamp":"2025-10-06T16:43:36.587Z"}
{"context":"RouterExplorer","level":"info","message":"Mapped {/books/:id, DELETE} route","timestamp":"2025-10-06T16:43:36.587Z"}
{"context":"RouterExplorer","level":"info","message":"Mapped {/books/:id/restore, PATCH} route","timestamp":"2025-10-06T16:43:36.588Z"}
{"context":"RouterExplorer","level":"info","message":"Mapped {/books/export/csv, GET} route","timestamp":"2025-10-06T16:43:36.588Z"}
{"context":"NestApplication","level":"info","message":"Nest application successfully started","timestamp":"2025-10-06T16:43:36.588Z"}
{"context":"HTTP","level":"info","message":"aac92eb5-f4b6-4afe-9269-3eb47d1a6390 POST /auth/login 153ms user=-","timestamp":"2025-10-06T16:43:50.293Z"}
{"context":"AuditService","level":"info","message":"Audit event: create on Unknown","meta":{"action":"create","createdAt":"2025-10-06T16:43:50.302Z","entity":"Unknown","entityId":null,"reqId":"aac92eb5-f4b6-4afe-9269-3eb47d1a6390","userId":null},"timestamp":"2025-10-06T16:43:50.318Z"}
{"context":{"context":"AuditInterceptor","error":"logger_1.appLogger.info is not a function","reqId":"aac92eb5-f4b6-4afe-9269-3eb47d1a6390"},"level":"warn","message":"Audit logging failed","timestamp":"2025-10-06T16:43:50.319Z"}
{"context":"HTTP","level":"info","message":"30a646ba-e4f4-44ca-9484-a2408ebdc633 GET /books 21ms user=9b2bff49-b370-423c-9851-fc9790639dc5","timestamp":"2025-10-06T16:43:59.420Z"}
{"context":"AuditService","level":"info","message":"Audit event: read on Book","meta":{"action":"read","createdAt":"2025-10-06T16:43:59.424Z","entity":"Book","entityId":null,"reqId":"30a646ba-e4f4-44ca-9484-a2408ebdc633","userId":"9b2bff49-b370-423c-9851-fc9790639dc5"},"timestamp":"2025-10-06T16:43:59.431Z"}
{"context":{"context":"AuditInterceptor","error":"logger_1.appLogger.info is not a function","reqId":"30a646ba-e4f4-44ca-9484-a2408ebdc633"},"level":"warn","message":"Audit logging failed","timestamp":"2025-10-06T16:43:59.432Z"}
{"context":"HTTP","level":"info","message":"881e5589-3cb3-410e-b357-13f7f9cd9c55 POST /books 42ms user=9b2bff49-b370-423c-9851-fc9790639dc5","timestamp":"2025-10-06T16:44:14.652Z"}
{"context":"AuditService","level":"info","message":"Audit event: create on Book","meta":{"action":"create","createdAt":"2025-10-06T16:44:14.654Z","entity":"Book","entityId":"3536399e-1fd8-41f2-97f2-01968d25726d","reqId":"881e5589-3cb3-410e-b357-13f7f9cd9c55","userId":"9b2bff49-b370-423c-9851-fc9790639dc5"},"timestamp":"2025-10-06T16:44:14.659Z"}
{"context":{"context":"AuditInterceptor","error":"logger_1.appLogger.info is not a function","reqId":"881e5589-3cb3-410e-b357-13f7f9cd9c55"},"level":"warn","message":"Audit logging failed","timestamp":"2025-10-06T16:44:14.660Z"}
{"context":"HTTP","level":"info","message":"167cae31-c1e2-4a43-b6f7-fb5c30ef37a2 GET /books 6ms user=9b2bff49-b370-423c-9851-fc9790639dc5","timestamp":"2025-10-06T16:44:18.001Z"}
{"context":"AuditService","level":"info","message":"Audit event: read on Book","meta":{"action":"read","createdAt":"2025-10-06T16:44:18.002Z","entity":"Book","entityId":null,"reqId":"167cae31-c1e2-4a43-b6f7-fb5c30ef37a2","userId":"9b2bff49-b370-423c-9851-fc9790639dc5"},"timestamp":"2025-10-06T16:44:18.006Z"}
{"context":{"context":"AuditInterceptor","error":"logger_1.appLogger.info is not a function","reqId":"167cae31-c1e2-4a43-b6f7-fb5c30ef37a2"},"level":"warn","message":"Audit logging failed","timestamp":"2025-10-06T16:44:18.007Z"}
{"context":{"context":"AuditInterceptor","error":"logger_1.appLogger.info is not a function","reqId":"RID"},"level":"warn","message":"Audit logging failed","timestamp":"2025-10-06T16:46:13.309Z"}
{"context":{"context":"AuditInterceptor","error":"logger_1.appLogger.info is not a function","reqId":"RID2"},"level":"warn","message":"Audit logging failed","timestamp":"2025-10-06T16:46:13.312Z"}
{"context":{"context":"AuditInterceptor","error":"logger_1.appLogger.info is not a function","reqId":"RID3"},"level":"warn","message":"Audit logging failed","timestamp":"2025-10-06T16:46:13.313Z"}
{"context":{"context":"AuditInterceptor","error":"logger_1.appLogger.info is not a function","reqId":"RID4"},"level":"warn","message":"Audit logging failed","timestamp":"2025-10-06T16:46:13.314Z"}
{"context":{"context":"AuditInterceptor","error":"logger_1.appLogger.info is not a function","reqId":"RID5"},"level":"warn","message":"Audit logging failed","timestamp":"2025-10-06T16:46:13.315Z"}
{"context":{"context":"AuditInterceptor","error":"logger_1.appLogger.info is not a function"},"level":"warn","message":"Audit logging failed","timestamp":"2025-10-06T16:46:13.316Z"}
{"context":{"context":"AuditInterceptor","error":"logger_1.appLogger.info is not a function","reqId":"RID6"},"level":"warn","message":"Audit logging failed","timestamp":"2025-10-06T16:46:13.317Z"}
{"context":{"context":"AuditInterceptor","error":"logger_1.appLogger.info is not a function","reqId":"RID7"},"level":"warn","message":"Audit logging failed","timestamp":"2025-10-06T16:46:13.317Z"}
{"context":{"context":"AuditInterceptor","error":"logger_1.appLogger.info is not a function","reqId":"RID8"},"level":"warn","message":"Audit logging failed","timestamp":"2025-10-06T16:46:13.318Z"}
{"context":{"context":"AuditInterceptor","error":"logger_1.appLogger.info is not a function","reqId":"RID"},"level":"warn","message":"Audit logging failed","timestamp":"2025-10-06T16:48:25.747Z"}
{"context":{"context":"AuditInterceptor","error":"logger_1.appLogger.info is not a function","reqId":"RID2"},"level":"warn","message":"Audit logging failed","timestamp":"2025-10-06T16:48:25.751Z"}
{"context":{"context":"AuditInterceptor","error":"logger_1.appLogger.info is not a function","reqId":"RID3"},"level":"warn","message":"Audit logging failed","timestamp":"2025-10-06T16:48:25.752Z"}
{"context":{"context":"AuditInterceptor","error":"logger_1.appLogger.info is not a function","reqId":"RID4"},"level":"warn","message":"Audit logging failed","timestamp":"2025-10-06T16:48:25.753Z"}
{"context":{"context":"AuditInterceptor","error":"logger_1.appLogger.info is not a function","reqId":"RID5"},"level":"warn","message":"Audit logging failed","timestamp":"2025-10-06T16:48:25.755Z"}
{"context":{"context":"AuditInterceptor","error":"logger_1.appLogger.info is not a function"},"level":"warn","message":"Audit logging failed","timestamp":"2025-10-06T16:48:25.756Z"}
{"context":{"context":"AuditInterceptor","error":"logger_1.appLogger.info is not a function","reqId":"RID6"},"level":"warn","message":"Audit logging failed","timestamp":"2025-10-06T16:48:25.756Z"}
{"context":{"context":"AuditInterceptor","error":"logger_1.appLogger.info is not a function","reqId":"RID7"},"level":"warn","message":"Audit logging failed","timestamp":"2025-10-06T16:48:25.757Z"}
{"context":{"context":"AuditInterceptor","error":"logger_1.appLogger.info is not a function","reqId":"RID8"},"level":"warn","message":"Audit logging failed","timestamp":"2025-10-06T16:48:25.758Z"}
{"context":{"context":"AuditInterceptor","error":"logger_1.appLogger.info is not a function","reqId":"RID"},"level":"warn","message":"Audit logging failed","timestamp":"2025-10-06T16:49:37.966Z"}
{"context":{"context":"AuditInterceptor","error":"logger_1.appLogger.info is not a function","reqId":"RID2"},"level":"warn","message":"Audit logging failed","timestamp":"2025-10-06T16:49:37.988Z"}
{"context":{"context":"AuditInterceptor","error":"logger_1.appLogger.info is not a function","reqId":"RID3"},"level":"warn","message":"Audit logging failed","timestamp":"2025-10-06T16:49:37.990Z"}
{"context":{"context":"AuditInterceptor","error":"logger_1.appLogger.info is not a function","reqId":"RID4"},"level":"warn","message":"Audit logging failed","timestamp":"2025-10-06T16:49:38.002Z"}
{"context":{"context":"AuditInterceptor","error":"logger_1.appLogger.info is not a function","reqId":"RID5"},"level":"warn","message":"Audit logging failed","timestamp":"2025-10-06T16:49:38.004Z"}
{"context":{"context":"AuditInterceptor","error":"logger_1.appLogger.info is not a function"},"level":"warn","message":"Audit logging failed","timestamp":"2025-10-06T16:49:38.005Z"}
{"context":{"context":"AuditInterceptor","error":"logger_1.appLogger.info is not a function","reqId":"RID6"},"level":"warn","message":"Audit logging failed","timestamp":"2025-10-06T16:49:38.006Z"}
{"context":{"context":"AuditInterceptor","error":"logger_1.appLogger.info is not a function","reqId":"RID7"},"level":"warn","message":"Audit logging failed","timestamp":"2025-10-06T16:49:38.007Z"}
{"context":{"context":"AuditInterceptor","error":"logger_1.appLogger.info is not a function","reqId":"RID8"},"level":"warn","message":"Audit logging failed","timestamp":"2025-10-06T16:49:38.007Z"}
